<?xml version="1.0" encoding="UTF-8"?>
<!-- Generated by org.testng.reporters.JUnitReportReporter -->
<testsuite hostname="DESKTOP-9LQ664D" failures="0" tests="2" name="seleniumframewrok.SeleniumFramewrok5TestNGPlusExtentReports" time="51.747" errors="0" timestamp="2021-01-19T23:24:35 PKT" skipped="0">
  <testcase classname="seleniumframewrok.SeleniumFramewrok5TestNGPlusExtentReports" name="Test2" time="9.307"/>
  <system-out/>
  <testcase classname="seleniumframewrok.SeleniumFramewrok5TestNGPlusExtentReports" name="Test1" time="42.440"/>
  <system-out/>
</testsuite> <!-- seleniumframewrok.SeleniumFramewrok5TestNGPlusExtentReports -->
