<?xml version="1.0" encoding="UTF-8"?>
<!-- Generated by org.testng.reporters.JUnitReportReporter -->
<testsuite hostname="DESKTOP-9LQ664D" failures="0" tests="1" name="seleniumframewrok.SeleniumFramewrok3TestNG" time="14.948" errors="0" timestamp="2021-01-24T19:04:25 PKT" skipped="0">
  <testcase classname="seleniumframewrok.SeleniumFramewrok3TestNG" name="OriginalTest2" time="14.948"/>
  <system-out/>
</testsuite> <!-- seleniumframewrok.SeleniumFramewrok3TestNG -->
