<?xml version="1.0" encoding="UTF-8"?>
<!-- Generated by org.testng.reporters.JUnitReportReporter -->
<testsuite hostname="DESKTOP-9LQ664D" failures="0" tests="1" name="seleniumframewrok.SeleniumFramewrok19TestNGBrowserStack" time="9.689" errors="0" timestamp="2021-02-09T09:31:25 PKT" skipped="0">
  <testcase classname="seleniumframewrok.SeleniumFramewrok19TestNGBrowserStack" name="test" time="9.689"/>
  <system-out/>
</testsuite> <!-- seleniumframewrok.SeleniumFramewrok19TestNGBrowserStack -->
