<?xml version="1.0" encoding="UTF-8"?>
<!-- Generated by org.testng.reporters.JUnitReportReporter -->
<testsuite hostname="Muddassar-Hussain_QA" failures="0" tests="1" name="seleniumframewrok.SeleniumFramewrok16TestNGChromeOptionsHeadleassBrowser" time="13.339" errors="0" timestamp="2021-02-05T18:49:51 PKT" skipped="0">
  <testcase classname="seleniumframewrok.SeleniumFramewrok16TestNGChromeOptionsHeadleassBrowser" name="Test1" time="13.339"/>
  <system-out/>
</testsuite> <!-- seleniumframewrok.SeleniumFramewrok16TestNGChromeOptionsHeadleassBrowser -->
