<?xml version="1.0" encoding="UTF-8"?>
<!-- Generated by org.testng.reporters.JUnitReportReporter -->
<testsuite hostname="Muddassar-Hussain_QA" failures="0" tests="3" name="seleniumframewrok.SeleniumFramewrok12TestNGIgnore" time="13.529" errors="0" timestamp="2021-02-02T11:53:13 PKT" skipped="1">
  <testcase classname="seleniumframewrok.SeleniumFramewrok12TestNGIgnore" name="Test3" time="9.538"/>
  <system-out/>
  <testcase classname="seleniumframewrok.SeleniumFramewrok12TestNGIgnore" name="Test2" time="3.991"/>
  <system-out/>
  <testcase classname="seleniumframewrok.SeleniumFramewrok12TestNGIgnore" name="Test1">
    <skipped/>
  </testcase> <!-- Test1 -->
  <system-out/>
</testsuite> <!-- seleniumframewrok.SeleniumFramewrok12TestNGIgnore -->
