<?xml version="1.0" encoding="UTF-8"?>
<!-- Generated by org.testng.reporters.JUnitReportReporter -->
<testsuite hostname="DESKTOP-9LQ664D" failures="0" tests="1" name="seleniumframewrok.SeleniumFramewrokTestNG3" time="12.780" errors="0" timestamp="2021-01-16T19:25:18 PKT" skipped="0">
  <testcase classname="seleniumframewrok.SeleniumFramewrokTestNG3" name="OriginalTest" time="12.780"/>
  <system-out/>
</testsuite> <!-- seleniumframewrok.SeleniumFramewrokTestNG3 -->
