<?xml version="1.0" encoding="UTF-8"?>
<!-- Generated by org.testng.reporters.JUnitReportReporter -->
<testsuite hostname="DESKTOP-9LQ664D" failures="0" tests="1" name="seleniumframewrok.SeleniumFramewrok17TestNGAutoIT" time="16.383" errors="0" timestamp="2021-02-06T00:09:03 PKT" skipped="0">
  <testcase classname="seleniumframewrok.SeleniumFramewrok17TestNGAutoIT" name="Test1" time="16.383"/>
  <system-out/>
</testsuite> <!-- seleniumframewrok.SeleniumFramewrok17TestNGAutoIT -->
