<?xml version="1.0" encoding="UTF-8"?>
<!-- Generated by org.testng.reporters.JUnitReportReporter -->
<testsuite hostname="Muddassar-Hussain_QA" failures="0" tests="1" name="seleniumframewrok.SeleniumFramewrok19TestNGBrowserStack" time="13.139" errors="0" timestamp="2021-02-09T15:19:25 PKT" skipped="0">
  <testcase classname="seleniumframewrok.SeleniumFramewrok19TestNGBrowserStack" name="test" time="13.139"/>
  <system-out/>
</testsuite> <!-- seleniumframewrok.SeleniumFramewrok19TestNGBrowserStack -->
