<?xml version="1.0" encoding="UTF-8"?>
<!-- Generated by org.testng.reporters.JUnitReportReporter -->
<testsuite hostname="Muddassar-Hussain_QA" failures="0" tests="3" name="seleniumframewrok.SeleniumFramewrok11TestNGDependenciesGroups" time="10.909" errors="0" timestamp="2021-02-01T18:35:16 PKT" skipped="0">
  <testcase classname="seleniumframewrok.SeleniumFramewrok11TestNGDependenciesGroups" name="Test3" time="4.599"/>
  <system-out/>
  <testcase classname="seleniumframewrok.SeleniumFramewrok11TestNGDependenciesGroups" name="Test2" time="3.167"/>
  <system-out/>
  <testcase classname="seleniumframewrok.SeleniumFramewrok11TestNGDependenciesGroups" name="Test1" time="3.143"/>
  <system-out/>
</testsuite> <!-- seleniumframewrok.SeleniumFramewrok11TestNGDependenciesGroups -->
