<?xml version="1.0" encoding="UTF-8"?>
<!-- Generated by org.testng.reporters.JUnitReportReporter -->
<testsuite hostname="Muddassar-Hussain_QA" failures="0" tests="1" name="seleniumframewrok.SeleniumFramewrok10TestNGParameters" time="9.136" errors="0" timestamp="2021-02-01T17:13:02 PKT" skipped="0">
  <testcase classname="seleniumframewrok.SeleniumFramewrok10TestNGParameters" name="Test1" time="9.136"/>
  <system-out/>
</testsuite> <!-- seleniumframewrok.SeleniumFramewrok10TestNGParameters -->
