<?xml version="1.0" encoding="UTF-8"?>
<!-- Generated by org.testng.reporters.JUnitReportReporter -->
<testsuite hostname="Muddassar-Hussain_QA" failures="0" tests="1" name="seleniumframewrok.SeleniumFramewrok16TestNGHeadleassBrowserChrome" time="8.964" errors="0" timestamp="2021-02-05T17:29:54 PKT" skipped="0">
  <testcase classname="seleniumframewrok.SeleniumFramewrok16TestNGHeadleassBrowserChrome" name="Test1" time="8.964"/>
  <system-out/>
</testsuite> <!-- seleniumframewrok.SeleniumFramewrok16TestNGHeadleassBrowserChrome -->
