<?xml version="1.0" encoding="UTF-8"?>
<!-- Generated by org.testng.reporters.JUnitReportReporter -->
<testsuite hostname="DESKTOP-9LQ664D" failures="0" tests="1" name="seleniumframewrok.Testtilemountain" time="13.975" errors="0" timestamp="2021-02-20T10:45:25 PKT" skipped="0">
  <testcase classname="seleniumframewrok.Testtilemountain" name="testTileMountainHomeToCheckout" time="13.975"/>
  <system-out/>
</testsuite> <!-- seleniumframewrok.Testtilemountain -->
