<?xml version="1.0" encoding="UTF-8"?>
<!-- Generated by org.testng.reporters.JUnitReportReporter -->
<testsuite hostname="DESKTOP-9LQ664D" failures="0" tests="3" name="seleniumframewrok.SeleniumFramewrok6TestNGListener" time="26.589" errors="0" timestamp="2021-01-24T21:30:57 PKT" skipped="0">
  <testcase classname="seleniumframewrok.SeleniumFramewrok6TestNGListener" name="Test1" time="15.960"/>
  <system-out/>
  <testcase classname="seleniumframewrok.SeleniumFramewrok6TestNGListener" name="Test2" time="4.642"/>
  <system-out/>
  <testcase classname="seleniumframewrok.SeleniumFramewrok6TestNGListener" name="Test3" time="5.987"/>
  <system-out/>
</testsuite> <!-- seleniumframewrok.SeleniumFramewrok6TestNGListener -->
