<?xml version="1.0" encoding="UTF-8"?>
<!-- Generated by org.testng.reporters.JUnitReportReporter -->
<testsuite hostname="DESKTOP-9LQ664D" failures="0" tests="1" name="seleniumframewrok.SeleniumFramewrok9TestNGGroups" time="0.041" errors="0" timestamp="2021-01-28T23:05:40 PKT" skipped="0">
  <testcase classname="seleniumframewrok.SeleniumFramewrok9TestNGGroups" name="Test2" time="0.041"/>
  <system-out/>
</testsuite> <!-- seleniumframewrok.SeleniumFramewrok9TestNGGroups -->
